<?xml version="1.0" encoding="UTF-8"?>
<testsuite xmlns:xsi="http://www.w3.org/2001/XMLSchema-instance" xsi:noNamespaceSchemaLocation="https://maven.apache.org/surefire/maven-surefire-plugin/xsd/surefire-test-report-3.0.xsd" version="3.0" name="com.site.calzoneSENAC.CalzoneSenacApplicationTests" time="6.658" tests="1" errors="0" skipped="0" failures="0">
  <properties>
[...]
</properties>
  <testcase name="contextLoads" classname="com.site.calzoneSENAC.CalzoneSenacApplicationTests" time="0.534">
    <system-out><![CDATA[00:17:27.319 [main] INFO org.springframework.test.context.support.AnnotationConfigContextLoaderUtils -- Could not detect default configuration classes for test class [com.site.calzoneSENAC.CalzoneSenacApplicationTests]: CalzoneSenacApplicationTests does not declare any static, non-private, non-final, nested classes annotated with @Configuration.
00:17:27.445 [main] INFO org.springframework.boot.test.context.SpringBootTestContextBootstrapper -- Found @SpringBootConfiguration com.site.calzoneSENAC.CalzoneSenacApplication for test class com.site.calzoneSENAC.CalzoneSenacApplicationTests

  .   ____          _            __ _ _
 /\\ / ___'_ __ _ _(_)_ __  __ _ \ \ \ \
( ( )\___ | '_ | '_| | '_ \/ _` | \ \ \ \
 \\/  ___)| |_)| | | | | || (_| |  ) ) ) )
  '  |____| .__|_| |_|_| |_\__, | / / / /
 =========|_|==============|___/=/_/_/_/

 :: Spring Boot ::                (v3.3.2)

2024-08-22T00:17:28.038-03:00  INFO 1816 --- [calzoneSENAC] [           main] c.s.c.CalzoneSenacApplicationTests       : Starting CalzoneSenacApplicationTests using Java 22 with PID 1816 (started by dreei in C:\Users\dreei\Desktop\calzoneSENAC\calzoneSENAC)
2024-08-22T00:17:28.040-03:00  INFO 1816 --- [calzoneSENAC] [           main] c.s.c.CalzoneSenacApplicationTests       : No active profile set, falling back to 1 default profile: "default"
2024-08-22T00:17:29.141-03:00  INFO 1816 --- [calzoneSENAC] [           main] .s.d.r.c.RepositoryConfigurationDelegate : Bootstrapping Spring Data JPA repositories in DEFAULT mode.
2024-08-22T00:17:29.241-03:00  INFO 1816 --- [calzoneSENAC] [           main] .s.d.r.c.RepositoryConfigurationDelegate : Finished Spring Data repository scanning in 89 ms. Found 2 JPA repository interfaces.
2024-08-22T00:17:30.152-03:00  INFO 1816 --- [calzoneSENAC] [           main] o.hibernate.jpa.internal.util.LogHelper  : HHH000204: Processing PersistenceUnitInfo [name: default]
2024-08-22T00:17:30.251-03:00  INFO 1816 --- [calzoneSENAC] [           main] org.hibernate.Version                    : HHH000412: Hibernate ORM core version 6.5.2.Final
2024-08-22T00:17:30.299-03:00  INFO 1816 --- [calzoneSENAC] [           main] o.h.c.internal.RegionFactoryInitiator    : HHH000026: Second-level cache disabled
2024-08-22T00:17:30.773-03:00  INFO 1816 --- [calzoneSENAC] [           main] o.s.o.j.p.SpringPersistenceUnitInfo      : No LoadTimeWeaver setup: ignoring JPA class transformer
2024-08-22T00:17:30.810-03:00  INFO 1816 --- [calzoneSENAC] [           main] com.zaxxer.hikari.HikariDataSource       : HikariPool-1 - Starting...
2024-08-22T00:17:31.265-03:00  INFO 1816 --- [calzoneSENAC] [           main] com.zaxxer.hikari.pool.HikariPool        : HikariPool-1 - Added connection com.mysql.cj.jdbc.ConnectionImpl@1e29a81a
2024-08-22T00:17:31.267-03:00  INFO 1816 --- [calzoneSENAC] [           main] com.zaxxer.hikari.HikariDataSource       : HikariPool-1 - Start completed.
2024-08-22T00:17:31.338-03:00  WARN 1816 --- [calzoneSENAC] [           main] org.hibernate.orm.deprecation            : HHH90000025: MySQLDialect does not need to be specified explicitly using 'hibernate.dialect' (remove the property setting and it will be selected by default)
2024-08-22T00:17:31.614-03:00  INFO 1816 --- [calzoneSENAC] [           main] o.hibernate.id.enhanced.TableGenerator   : HHH000398: Explicit segment value for id generator [tabelaGenerator.sequence_name] suggested; using default [pedido]
2024-08-22T00:17:32.242-03:00  INFO 1816 --- [calzoneSENAC] [           main] o.h.e.t.j.p.i.JtaPlatformInitiator       : HHH000489: No JTA platform available (set 'hibernate.transaction.jta.platform' to enable JTA platform integration)
2024-08-22T00:17:32.291-03:00  INFO 1816 --- [calzoneSENAC] [           main] j.LocalContainerEntityManagerFactoryBean : Initialized JPA EntityManagerFactory for persistence unit 'default'
2024-08-22T00:17:32.739-03:00  WARN 1816 --- [calzoneSENAC] [           main] JpaBaseConfiguration$JpaWebConfiguration : spring.jpa.open-in-view is enabled by default. Therefore, database queries may be performed during view rendering. Explicitly configure spring.jpa.open-in-view to disable this warning
2024-08-22T00:17:33.222-03:00  INFO 1816 --- [calzoneSENAC] [           main] c.s.c.CalzoneSenacApplicationTests       : Started CalzoneSenacApplicationTests in 5.606 seconds (process running for 6.809)
]]></system-out>
    <system-err><![CDATA[WARNING: A Java agent has been loaded dynamically (C:\Users\dreei\.m2\repository\net\bytebuddy\byte-buddy-agent\1.14.18\byte-buddy-agent-1.14.18.jar)
WARNING: If a serviceability tool is in use, please run with -XX:+EnableDynamicAgentLoading to hide this warning
WARNING: If a serviceability tool is not in use, please run with -Djdk.instrument.traceUsage for more information
WARNING: Dynamic loading of agents will be disallowed by default in a future release
]]></system-err>
  </testcase>
</testsuite>